This is e-pTeX, Version 3.14159265-p3.8.1-180518-2.6 (utf8.euc) (TeX Live 2019/dev/Debian) (preloaded format=platex 2018.8.30)  7 JAN 2019 14:58
entering extended mode
 restricted \write18 enabled.
 %&-line parsing enabled.
**201811433-NaotoNishida-06.tex
(./201811433-NaotoNishida-06.tex
pLaTeX2e <2018-04-01>+1 (based on LaTeX2e <2018-04-01> patch level 4)
Babel <3.20> and hyphenation patterns for 84 language(s) loaded.
(/usr/share/texlive/texmf-dist/tex/platex/jsclasses/jsarticle.cls
Document Class: jsarticle 2018/03/11 jsclasses (okumura, texjporg)
\jsc@mpt=\dimen118
\jsc@mmm=\dimen119
\jsc@smallskipamount=\skip41
LaTeX Info: Redefining \rmfamily on input line 466.
LaTeX Info: Redefining \sffamily on input line 469.
LaTeX Info: Redefining \ttfamily on input line 472.
LaTeX Info: Redefining \textmc on input line 476.
LaTeX Info: Redefining \textgt on input line 478.
\symmincho=\mathgroup4
LaTeX Font Info:    Overwriting symbol font `mincho' in version `bold'
(Font)                  JY1/mc/m/n --> JY1/gt/m/n on input line 540.
LaTeX Font Info:    Font shape `JT1/mc/m/n' will be
(Font)              scaled to size 9.60999pt on input line 731.
LaTeX Font Info:    Font shape `JY1/mc/m/n' will be
(Font)              scaled to size 9.60999pt on input line 731.
\fullwidth=\dimen120
LaTeX Font Info:    Font shape `JT1/mc/m/n' will be
(Font)              scaled to size 7.68799pt on input line 884.
LaTeX Font Info:    Font shape `JY1/mc/m/n' will be
(Font)              scaled to size 7.68799pt on input line 884.
\c@part=\count83
\c@section=\count84
\c@subsection=\count85
\c@subsubsection=\count86
\c@paragraph=\count87
\c@subparagraph=\count88
\@abstractbox=\box42
\c@figure=\count89
\c@table=\count90
\abovecaptionskip=\skip42
\belowcaptionskip=\skip43
\jsc@tocl@width=\dimen121
\@lnumwidth=\dimen122
\bibindent=\dimen123
(/usr/share/texlive/texmf-dist/tex/platex/jsclasses/jslogo.sty
Package: jslogo 2017/02/24 okumura, texjporg
LaTeX Info: Redefining \TeX on input line 94.
LaTeX Info: Redefining \LaTeX on input line 147.
LaTeX Info: Redefining \LaTeXe on input line 200.
)
\heisei=\count91
)
(/usr/share/texlive/texmf-dist/tex/latex/listings/listings.sty
(/usr/share/texlive/texmf-dist/tex/latex/graphics/keyval.sty
Package: keyval 2014/10/28 v1.15 key=value parser (DPC)
\KV@toks@=\toks15
)
\lst@mode=\count92
\lst@gtempboxa=\box43
\lst@token=\toks16
\lst@length=\count93
\lst@currlwidth=\dimen124
\lst@column=\count94
\lst@pos=\count95
\lst@lostspace=\dimen125
\lst@width=\dimen126
\lst@newlines=\count96
\lst@lineno=\count97
\lst@maxwidth=\dimen127

(/usr/share/texlive/texmf-dist/tex/latex/listings/lstmisc.sty
File: lstmisc.sty 2015/06/04 1.6 (Carsten Heinz)
\c@lstnumber=\count98
\lst@skipnumbers=\count99
\lst@framebox=\box44
)
(/usr/share/texlive/texmf-dist/tex/latex/listings/listings.cfg
File: listings.cfg 2015/06/04 1.6 listings configuration
))
Package: listings 2015/06/04 1.6 (Carsten Heinz)

(/usr/share/texlive/texmf-dist/tex/latex/fancyhdr/fancyhdr.sty
Package: fancyhdr 2017/06/30 v3.9a Extensive control of page headers and footer
s
\f@nch@headwidth=\skip44
\f@nch@O@elh=\skip45
\f@nch@O@erh=\skip46
\f@nch@O@olh=\skip47
\f@nch@O@orh=\skip48
\f@nch@O@elf=\skip49
\f@nch@O@erf=\skip50
\f@nch@O@olf=\skip51
\f@nch@O@orf=\skip52
)
(/usr/share/texlive/texmf-dist/tex/latex/lastpage/lastpage.sty
Package: lastpage 2015/03/29 v1.2m Refers to last page's name (HMM; JPG)
)
(/usr/share/texlive/texmf-dist/tex/latex/graphics/graphicx.sty
Package: graphicx 2017/06/01 v1.1a Enhanced LaTeX Graphics (DPC,SPQR)

(/usr/share/texlive/texmf-dist/tex/latex/graphics/graphics.sty
Package: graphics 2017/06/25 v1.2c Standard LaTeX Graphics (DPC,SPQR)

(/usr/share/texlive/texmf-dist/tex/latex/graphics/trig.sty
Package: trig 2016/01/03 v1.10 sin cos tan (DPC)
)
(/usr/share/texlive/texmf-dist/tex/latex/graphics-cfg/graphics.cfg
File: graphics.cfg 2016/06/04 v1.11 sample graphics configuration
)
Package graphics Info: Driver file: dvipdfmx.def on input line 99.

(/usr/share/texlive/texmf-dist/tex/latex/graphics-def/dvipdfmx.def
File: dvipdfmx.def 2017/06/24 v5.0g Graphics/color driver for dvipdfmx
))
\Gin@req@height=\dimen128
\Gin@req@width=\dimen129
)
(/usr/share/texlive/texmf-dist/tex/latex/graphics/color.sty
Package: color 2016/07/10 v1.1e Standard LaTeX Color (DPC)

(/usr/share/texlive/texmf-dist/tex/latex/graphics-cfg/color.cfg
File: color.cfg 2016/01/02 v1.6 sample color configuration
)
Package color Info: Driver file: dvipdfm.def on input line 147.


! LaTeX Error: File `dvipdfm.def' not found.

Type X to quit or <RETURN> to proceed,
or enter new name. (Default extension: def)

Enter file name: ^^[[A
! Undefined control sequence.
\GenericError  ...                                
                                                    #4  \errhelp \@err@     ...
l.148 ...d{ver@\Gin@driver}{\input{\Gin@driver}}{}
                                                  
? 
! Undefined control sequence.
\GenericError  ...                                
                                                  \let \@err@               ...
l.148 ...d{ver@\Gin@driver}{\input{\Gin@driver}}{}
                                                  
? 
! Undefined control sequence.
\GenericError  ...                                
                                                  \@empty \def \MessageBreak...
l.148 ...d{ver@\Gin@driver}{\input{\Gin@driver}}{}
                                                  
? 
! Undefined control sequence.
\GenericError  ...                                
                                                     \endgroup 
l.148 ...d{ver@\Gin@driver}{\input{\Gin@driver}}{}
                                                  
? 
! Argument of \DeclareUnicodeCharacter has an extra }.
<inserted text> 
                \par 
l.148 ...d{ver@\Gin@driver}{\input{\Gin@driver}}{}
                                                  
? 
Runaway argument?
! Paragraph ended before \DeclareUnicodeCharacter was complete.
<to be read again> 
                   \par 
l.148 ...d{ver@\Gin@driver}{\input{\Gin@driver}}{}
                                                  
? 
! Argument of \DeclareUnicodeCharacter has an extra }.
<inserted text> 
                \par 
l.148 ...d{ver@\Gin@driver}{\input{\Gin@driver}}{}
                                                  
? 
Runaway argument?
! Paragraph ended before \DeclareUnicodeCharacter was complete.
<to be read again> 
                   \par 
l.148 ...d{ver@\Gin@driver}{\input{\Gin@driver}}{}
                                                  
? 


! LaTeX Error: Missing \begin{document}.

See the LaTeX manual or LaTeX Companion for explanation.
Type  H <return>  for immediate help.
 ...                                              
                                                  
l.148 ...d{ver@\Gin@driver}{\input{\Gin@driver}}{}
                                                  
? 
! Missing { inserted.
<to be read again> 
                   \let 
l.148 ...d{ver@\Gin@driver}{\input{\Gin@driver}}{}
                                                  
? 
)
Runaway text?
\let \def \MessageBreak  
(inputenc)                 \def   \errmessage \ETC.
! File ended while scanning text of \errhelp.
<inserted text> 
                }
l.6 
    
? 

! LaTeX Error: Missing \begin{document}.

See the LaTeX manual or LaTeX Companion for explanation.
Type  H <return>  for immediate help.
 ...                                              
                                                  
l.7 \lhead
          {プログラミング実習IIレポート（第6回）}
? 
Runaway argument?
{\f@nch@olh 
! TeX capacity exceeded, sorry [main memory size=5000000].
\lhead ...ted@testopt \lhead \\lhead {\f@nch@olh }
                                                  
l.7 \lhead
          {プログラミング実習IIレポート（第6回）}
If you really absolutely need more capacity,
you can ask a wizard to enlarge me.

 
Here is how much of TeX's memory you used:
 2160 strings out of 493280
 29421 string characters out of 6146903
 5000001 words of memory out of 5000000
 6132 multiletter control sequences out of 15000+600000
 8372 words of font info for 36 fonts, out of 8000000 for 9000
 934 hyphenation exceptions out of 8191
 26i,0n,43p,202b,217s stack positions out of 5000i,500n,10000p,200000b,80000s
No pages of output.
