This is e-pTeX, Version 3.14159265-p3.8.1-180518-2.6 (utf8.euc) (TeX Live 2019/dev/Debian) (preloaded format=platex 2018.8.30)  18 JAN 2019 22:32
entering extended mode
 restricted \write18 enabled.
 %&-line parsing enabled.
**201811433-NaotoNishida-07.tex
(./201811433-NaotoNishida-07.tex
pLaTeX2e <2018-04-01>+1 (based on LaTeX2e <2018-04-01> patch level 4)
Babel <3.20> and hyphenation patterns for 84 language(s) loaded.
(/usr/share/texlive/texmf-dist/tex/platex/jsclasses/jsarticle.cls
Document Class: jsarticle 2018/03/11 jsclasses (okumura, texjporg)
\jsc@mpt=\dimen118
\jsc@mmm=\dimen119
\jsc@smallskipamount=\skip41
LaTeX Info: Redefining \rmfamily on input line 466.
LaTeX Info: Redefining \sffamily on input line 469.
LaTeX Info: Redefining \ttfamily on input line 472.
LaTeX Info: Redefining \textmc on input line 476.
LaTeX Info: Redefining \textgt on input line 478.
\symmincho=\mathgroup4
LaTeX Font Info:    Overwriting symbol font `mincho' in version `bold'
(Font)                  JY1/mc/m/n --> JY1/gt/m/n on input line 540.
LaTeX Font Info:    Font shape `JT1/mc/m/n' will be
(Font)              scaled to size 9.60999pt on input line 731.
LaTeX Font Info:    Font shape `JY1/mc/m/n' will be
(Font)              scaled to size 9.60999pt on input line 731.
\fullwidth=\dimen120
LaTeX Font Info:    Font shape `JT1/mc/m/n' will be
(Font)              scaled to size 7.68799pt on input line 884.
LaTeX Font Info:    Font shape `JY1/mc/m/n' will be
(Font)              scaled to size 7.68799pt on input line 884.
\c@part=\count83
\c@section=\count84
\c@subsection=\count85
\c@subsubsection=\count86
\c@paragraph=\count87
\c@subparagraph=\count88
\@abstractbox=\box42
\c@figure=\count89
\c@table=\count90
\abovecaptionskip=\skip42
\belowcaptionskip=\skip43
\jsc@tocl@width=\dimen121
\@lnumwidth=\dimen122
\bibindent=\dimen123
(/usr/share/texlive/texmf-dist/tex/platex/jsclasses/jslogo.sty
Package: jslogo 2017/02/24 okumura, texjporg
LaTeX Info: Redefining \TeX on input line 94.
LaTeX Info: Redefining \LaTeX on input line 147.
LaTeX Info: Redefining \LaTeXe on input line 200.
)
\heisei=\count91
)
(/usr/share/texlive/texmf-dist/tex/latex/listings/listings.sty
(/usr/share/texlive/texmf-dist/tex/latex/graphics/keyval.sty
Package: keyval 2014/10/28 v1.15 key=value parser (DPC)
\KV@toks@=\toks15
)
\lst@mode=\count92
\lst@gtempboxa=\box43
\lst@token=\toks16
\lst@length=\count93
\lst@currlwidth=\dimen124
\lst@column=\count94
\lst@pos=\count95
\lst@lostspace=\dimen125
\lst@width=\dimen126
\lst@newlines=\count96
\lst@lineno=\count97
\lst@maxwidth=\dimen127

(/usr/share/texlive/texmf-dist/tex/latex/listings/lstmisc.sty
File: lstmisc.sty 2015/06/04 1.6 (Carsten Heinz)
\c@lstnumber=\count98
\lst@skipnumbers=\count99
\lst@framebox=\box44
)
(/usr/share/texlive/texmf-dist/tex/latex/listings/listings.cfg
File: listings.cfg 2015/06/04 1.6 listings configuration
))
Package: listings 2015/06/04 1.6 (Carsten Heinz)


! LaTeX Error: File `jlisting.sty' not found.

Type X to quit or <RETURN> to proceed,
or enter new name. (Default extension: sty)

Enter file name: 
(/usr/share/texlive/texmf-dist/tex/latex/fancyhdr/fancyhdr.sty
Package: fancyhdr 2017/06/30 v3.9a Extensive control of page headers and footer
s
\f@nch@headwidth=\skip44
\f@nch@O@elh=\skip45
\f@nch@O@erh=\skip46
\f@nch@O@olh=\skip47
\f@nch@O@orh=\skip48
\f@nch@O@elf=\skip49
\f@nch@O@erf=\skip50
\f@nch@O@olf=\skip51
\f@nch@O@orf=\skip52
)
(/usr/share/texlive/texmf-dist/tex/latex/lastpage/lastpage.sty
Package: lastpage 2015/03/29 v1.2m Refers to last page's name (HMM; JPG)
)
(/usr/share/texlive/texmf-dist/tex/latex/graphics/graphicx.sty
Package: graphicx 2017/06/01 v1.1a Enhanced LaTeX Graphics (DPC,SPQR)

(/usr/share/texlive/texmf-dist/tex/latex/graphics/graphics.sty
Package: graphics 2017/06/25 v1.2c Standard LaTeX Graphics (DPC,SPQR)

(/usr/share/texlive/texmf-dist/tex/latex/graphics/trig.sty
Package: trig 2016/01/03 v1.10 sin cos tan (DPC)
)
(/usr/share/texlive/texmf-dist/tex/latex/graphics-cfg/graphics.cfg
File: graphics.cfg 2016/06/04 v1.11 sample graphics configuration
)
Package graphics Info: Driver file: dvipdfmx.def on input line 99.

(/usr/share/texlive/texmf-dist/tex/latex/graphics-def/dvipdfmx.def
File: dvipdfmx.def 2017/06/24 v5.0g Graphics/color driver for dvipdfmx
))
\Gin@req@height=\dimen128
\Gin@req@width=\dimen129
)
(/usr/share/texlive/texmf-dist/tex/latex/graphics/color.sty
Package: color 2016/07/10 v1.1e Standard LaTeX Color (DPC)

(/usr/share/texlive/texmf-dist/tex/latex/graphics-cfg/color.cfg
File: color.cfg 2016/01/02 v1.6 sample color configuration
)
Package color Info: Driver file: dvipdfmx.def on input line 147.

(/usr/share/texlive/texmf-dist/tex/latex/graphics/dvipsnam.def
File: dvipsnam.def 2016/06/17 v3.0m Driver-dependent file (DPC,SPQR)
))
(/usr/share/texlive/texmf-dist/tex/latex/comment/comment.sty
\CommentStream=\write3

Excluding comment 'comment') (./201811433-NaotoNishida-07.aux

LaTeX Warning: Label `fig:sutehage' multiply defined.


LaTeX Warning: Label `fig:sutehage' multiply defined.


LaTeX Warning: Label `fig:sutehage' multiply defined.


LaTeX Warning: Label `fig:sutehage' multiply defined.


LaTeX Warning: Label `fig:sutehage' multiply defined.


LaTeX Warning: Label `fig:sutehage' multiply defined.


LaTeX Warning: Label `fig:sutehage' multiply defined.


LaTeX Warning: Label `fig:sutehage' multiply defined.


LaTeX Warning: Label `fig:sutehage' multiply defined.


LaTeX Warning: Label `fig:sutehage' multiply defined.


LaTeX Warning: Label `fig:sutehage' multiply defined.


LaTeX Warning: Label `fig:sutehage' multiply defined.


LaTeX Warning: Label `fig:sutehage' multiply defined.


LaTeX Warning: Label `fig:sutehage' multiply defined.


LaTeX Warning: Label `fig:sutehage' multiply defined.

)
\openout1 = `201811433-NaotoNishida-07.aux'.

LaTeX Font Info:    Checking defaults for OML/cmm/m/it on input line 17.
LaTeX Font Info:    ... okay on input line 17.
LaTeX Font Info:    Checking defaults for T1/cmr/m/n on input line 17.
LaTeX Font Info:    ... okay on input line 17.
LaTeX Font Info:    Checking defaults for OT1/cmr/m/n on input line 17.
LaTeX Font Info:    ... okay on input line 17.
LaTeX Font Info:    Checking defaults for OMS/cmsy/m/n on input line 17.
LaTeX Font Info:    ... okay on input line 17.
LaTeX Font Info:    Checking defaults for OMX/cmex/m/n on input line 17.
LaTeX Font Info:    ... okay on input line 17.
LaTeX Font Info:    Checking defaults for U/cmr/m/n on input line 17.
LaTeX Font Info:    ... okay on input line 17.
LaTeX Font Info:    Checking defaults for JY1/mc/m/n on input line 17.
LaTeX Font Info:    ... okay on input line 17.
LaTeX Font Info:    Checking defaults for JT1/mc/m/n on input line 17.
LaTeX Font Info:    ... okay on input line 17.
\c@lstlisting=\count100
Package lastpage Info: Please have a look at the pageslts package at
(lastpage)             https://www.ctan.org/pkg/pageslts
(lastpage)             ! on input line 17.
LaTeX Font Info:    Font shape `JT1/mc/m/n' will be
(Font)              scaled to size 16.60605pt on input line 21.
LaTeX Font Info:    Font shape `JY1/mc/m/n' will be
(Font)              scaled to size 16.60605pt on input line 21.
LaTeX Font Info:    Font shape `JT1/mc/m/n' will be
(Font)              scaled to size 11.53198pt on input line 22.
LaTeX Font Info:    Font shape `JY1/mc/m/n' will be
(Font)              scaled to size 11.53198pt on input line 22.
LaTeX Font Info:    Font shape `JT1/mc/m/n' will be
(Font)              scaled to size 13.83836pt on input line 26.
LaTeX Font Info:    Font shape `JY1/mc/m/n' will be
(Font)              scaled to size 13.83836pt on input line 26.
LaTeX Font Info:    Font shape `JT1/gt/m/n' will be
(Font)              scaled to size 13.83836pt on input line 26.
LaTeX Font Info:    Font shape `JY1/gt/m/n' will be
(Font)              scaled to size 13.83836pt on input line 26.
LaTeX Font Info:    Font shape `JT1/gt/m/n' will be
(Font)              scaled to size 11.53198pt on input line 28.
LaTeX Font Info:    Font shape `JY1/gt/m/n' will be
(Font)              scaled to size 11.53198pt on input line 28.
LaTeX Font Info:    Font shape `JT1/mc/m/n' will be
(Font)              scaled to size 8.64899pt on input line 31.
LaTeX Font Info:    Font shape `JY1/mc/m/n' will be
(Font)              scaled to size 8.64899pt on input line 31.
LaTeX Font Info:    Font shape `JT1/gt/m/n' will be
(Font)              scaled to size 9.60999pt on input line 31.
LaTeX Font Info:    Font shape `JY1/gt/m/n' will be
(Font)              scaled to size 9.60999pt on input line 31.
LaTeX Font Info:    Font shape `JT1/gt/m/n' will be
(Font)              scaled to size 7.68799pt on input line 31.
LaTeX Font Info:    Font shape `JY1/gt/m/n' will be
(Font)              scaled to size 7.68799pt on input line 31.
 (./Makefile1a) (./a7-1.c [1

]) (./aLoadSave.c [2] [3]) (./aStructs.c [4])
(./headerA.h) (./Makefile1b [5]) (./b7-1.c) [6] (./gauss.c [7])
File: color4x4_ascii.jpg Graphic file (type bmp)
<color4x4_ascii.jpg>
LaTeX Font Info:    External font `cmex10' loaded for size
(Font)              <7> on input line 62.
LaTeX Font Info:    External font `cmex10' loaded for size
(Font)              <5> on input line 62.
LaTeX Font Info:    Font shape `JY1/mc/m/n' will be
(Font)              scaled to size 6.72699pt on input line 62.
LaTeX Font Info:    Font shape `JY1/mc/m/n' will be
(Font)              scaled to size 4.805pt on input line 62.
File: checker4x4_ascii.jpg Graphic file (type bmp)
<checker4x4_ascii.jpg>
File: lenna256x256binary.jpg Graphic file (type bmp)
<lenna256x256binary.jpg>
File: sutehage400x400binary.jpg Graphic file (type bmp)
<sutehage400x400binary.jpg>

Underfull \hbox (badness 10000) in paragraph at lines 56--85
[][]$[]$[] []$[]$[] []$[]$[]
 []

Excluding 'comment' comment.
File: copied_asc_color.jpg Graphic file (type bmp)
<copied_asc_color.jpg>
File: copied_asc_gray.jpg Graphic file (type bmp)
<copied_asc_gray.jpg>
File: copied_bina_color.jpg Graphic file (type bmp)
<copied_bina_color.jpg>
File: copied_bina_gray.jpg Graphic file (type bmp)
<copied_bina_gray.jpg>

Underfull \hbox (badness 10000) in paragraph at lines 103--135
[][]$[]$[] []$[]$[] []$[]$[]
 []

File: lenna256x256binary.jpg Graphic file (type bmp)
<lenna256x256binary.jpg>
File: EMINEM_201310A.jpg Graphic file (type bmp)
<EMINEM_201310A.jpg>
File: FilteredImageColor30.jpg Graphic file (type bmp)
<FilteredImageColor30.jpg>
File: FilteredImageGray30.jpg Graphic file (type bmp)
<FilteredImageGray30.jpg>

Underfull \hbox (badness 10000) in paragraph at lines 139--168
[][]$[]$[] []$[]$[] []$[]$[]
 []

File: FilteredImageColor70.jpg Graphic file (type bmp)
<FilteredImageColor70.jpg>
File: FilteredImageGray60.jpg Graphic file (type bmp)
<FilteredImageGray60.jpg>
File: FilteredImageColor100.jpg Graphic file (type bmp)
<FilteredImageColor100.jpg>
File: FilteredImageGray100.jpg Graphic file (type bmp)
<FilteredImageGray100.jpg>

Underfull \hbox (badness 10000) in paragraph at lines 169--198
[][]$[]$[] []$[]$[] []$[]$[]
 []


LaTeX Warning: Float too large for page by 40.24028pt on input line 198.

[8] [9] [10] (./Makefile2a) (./a7-2.c [11]) (./headerB.h [12]) (./matrix.c)
[13] (./vector.c [14]) [15] (./b7-2.c [16] [17]) (./linear.c [18]) [19]
Excluding 'comment' comment. 
AED: lastpage setting LastPage
[20] (./201811433-NaotoNishida-07.aux)

LaTeX Warning: There were multiply-defined labels.

 ) 
Here is how much of TeX's memory you used:
 2854 strings out of 493280
 37597 string characters out of 6146903
 337849 words of memory out of 5000000
 6730 multiletter control sequences out of 15000+600000
 12948 words of font info for 62 fonts, out of 8000000 for 9000
 934 hyphenation exceptions out of 8191
 31i,12n,43p,339b,1831s stack positions out of 5000i,500n,10000p,200000b,80000s

Output written on 201811433-NaotoNishida-07.dvi (20 pages, 147616 bytes).
